<?xml version="1.0" encoding="UTF-8"?>
<!-- Generated by org.testng.reporters.JUnitReportReporter -->
<testsuite skipped="0" hostname="DESKTOP-VNBCARV" name="com.gmail.Testcases.LoginCheckMultipleCredentials" tests="4" failures="0" timestamp="2020-01-22T14:28:58 EST" time="47.777" errors="0">
  <testcase name="validLoginCheck" time="11.931" classname="com.gmail.Testcases.LoginCheckMultipleCredentials"/>
  <testcase name="validLoginCheck" time="11.577" classname="com.gmail.Testcases.LoginCheckMultipleCredentials"/>
  <testcase name="validLoginCheck" time="12.437" classname="com.gmail.Testcases.LoginCheckMultipleCredentials"/>
  <testcase name="validLoginCheck" time="11.832" classname="com.gmail.Testcases.LoginCheckMultipleCredentials"/>
</testsuite> <!-- com.gmail.Testcases.LoginCheckMultipleCredentials -->
