<?xml version="1.0" encoding="UTF-8"?>
<!-- Generated by org.testng.reporters.JUnitReportReporter -->
<testsuite skipped="0" hostname="DESKTOP-VNBCARV" name="FullTrialTestCases.LoginCheck" tests="4" failures="0" timestamp="2020-01-21T14:10:17 EST" time="49.935" errors="0">
  <testcase name="validLoginCheck" time="11.434" classname="FullTrialTestCases.LoginCheck"/>
  <testcase name="validLoginCheck" time="13.940" classname="FullTrialTestCases.LoginCheck"/>
  <testcase name="validLoginCheck" time="13.058" classname="FullTrialTestCases.LoginCheck"/>
  <testcase name="validLoginCheck" time="11.503" classname="FullTrialTestCases.LoginCheck"/>
</testsuite> <!-- FullTrialTestCases.LoginCheck -->
