<?xml version="1.0" encoding="UTF-8"?>
<!-- Generated by org.testng.reporters.JUnitReportReporter -->
<testsuite skipped="0" hostname="DESKTOP-VNBCARV" name="com.gmail.Testcases.LoginCheck" tests="1" failures="0" timestamp="2020-01-21T14:25:06 EST" time="12.124" errors="0">
  <testcase name="LoginCh" time="12.124" classname="com.gmail.Testcases.LoginCheck"/>
</testsuite> <!-- com.gmail.Testcases.LoginCheck -->
