<?xml version="1.0" encoding="UTF-8"?>
<!-- Generated by org.testng.reporters.JUnitReportReporter -->
<testsuite skipped="0" hostname="DESKTOP-VNBCARV" name="myTestNGfirstRun.InvalidLoginCheck" tests="1" failures="0" timestamp="2020-01-19T20:42:45 EST" time="9.148" errors="0">
  <testcase name="inputCredentials" time="9.148" classname="myTestNGfirstRun.InvalidLoginCheck"/>
</testsuite> <!-- myTestNGfirstRun.InvalidLoginCheck -->
