<?xml version="1.0" encoding="UTF-8"?>
<!-- Generated by org.testng.reporters.JUnitReportReporter -->
<testsuite skipped="0" hostname="DESKTOP-VNBCARV" name="myTestNGfirstRun.TestNGONE" tests="2" failures="0" timestamp="2020-01-19T17:18:06 EST" time="3.401" errors="0">
  <testcase name="inputCredentials" time="2.106" classname="myTestNGfirstRun.TestNGONE"/>
  <testcase name="launchApplication" time="1.295" classname="myTestNGfirstRun.TestNGONE"/>
</testsuite> <!-- myTestNGfirstRun.TestNGONE -->
