<?xml version="1.0" encoding="UTF-8"?>
<!-- Generated by org.testng.reporters.JUnitReportReporter -->
<testsuite skipped="0" hostname="DESKTOP-VNBCARV" name="myTestNGfirstRun.validLoginCheck" tests="2" failures="0" timestamp="2020-01-20T13:30:20 EST" time="34.004" errors="0">
  <testcase name="inputvalidCredentials" time="17.431" classname="myTestNGfirstRun.validLoginCheck"/>
  <testcase name="inputvalidCredentials" time="16.573" classname="myTestNGfirstRun.validLoginCheck"/>
</testsuite> <!-- myTestNGfirstRun.validLoginCheck -->
