<?xml version="1.0" encoding="UTF-8"?>
<!-- Generated by org.testng.reporters.JUnitReportReporter -->
<testsuite skipped="0" hostname="DESKTOP-VNBCARV" name="com.adwaytech.testcases.HomePageCheck" tests="1" failures="0" timestamp="2020-02-07T20:47:08 EST" time="24.971" errors="0">
  <testcase name="HomePage" time="24.971" classname="com.adwaytech.testcases.HomePageCheck"/>
</testsuite> <!-- com.adwaytech.testcases.HomePageCheck -->
