<?xml version="1.0" encoding="UTF-8"?>
<!-- Generated by org.testng.reporters.JUnitReportReporter -->
<testsuite skipped="0" hostname="DESKTOP-VNBCARV" name="com.adwaytech.testcases.LoginAdway" tests="8" failures="0" timestamp="2020-02-07T20:47:08 EST" time="321.856" errors="0">
  <testcase name="LoginValidTest1" time="43.927" classname="com.adwaytech.testcases.LoginAdway"/>
  <testcase name="LoginValidTest2" time="48.646" classname="com.adwaytech.testcases.LoginAdway"/>
  <testcase name="LoginValidTest3" time="45.931" classname="com.adwaytech.testcases.LoginAdway"/>
  <testcase name="LoginValidTest4" time="48.422" classname="com.adwaytech.testcases.LoginAdway"/>
  <testcase name="LoginValidTest5" time="26.032" classname="com.adwaytech.testcases.LoginAdway"/>
  <testcase name="LoginValidTest6" time="28.090" classname="com.adwaytech.testcases.LoginAdway"/>
  <testcase name="LoginValidTest7" time="30.832" classname="com.adwaytech.testcases.LoginAdway"/>
  <testcase name="LoginValidTest8" time="49.976" classname="com.adwaytech.testcases.LoginAdway"/>
</testsuite> <!-- com.adwaytech.testcases.LoginAdway -->
